<?xml version="1.0" encoding="UTF-8"?>
<testng-results skipped="0" failed="0" ignored="0" total="0" passed="0">
  <reporter-output>
  </reporter-output>
  <suite name="Default suite" duration-ms="10" started-at="2020-10-28T02:44:17 NZDT" finished-at="2020-10-28T02:44:17 NZDT">
    <groups>
    </groups>
    <test name="Default test" duration-ms="10" started-at="2020-10-28T02:44:17 NZDT" finished-at="2020-10-28T02:44:17 NZDT">
    </test> <!-- Default test -->
  </suite> <!-- Default suite -->
</testng-results>
